<?xml version="1.0" encoding="UTF-8"?>
<testsuite xmlns:xsi="http://www.w3.org/2001/XMLSchema-instance" xsi:noNamespaceSchemaLocation="https://maven.apache.org/surefire/maven-surefire-plugin/xsd/surefire-test-report-3.0.xsd" version="3.0" name="com.zhangqi.Redhahaha" time="0.001" tests="1" errors="0" skipped="0" failures="0">
  <properties>
    <property name="sun.desktop" value="windows"/>
    <property name="awt.toolkit" value="sun.awt.windows.WToolkit"/>
    <property name="file.encoding.pkg" value="sun.io"/>
    <property name="java.specification.version" value="1.8"/>
    <property name="sun.cpu.isalist" value="amd64"/>
    <property name="sun.jnu.encoding" value="GBK"/>
    <property name="java.class.path" value="E:\Code\1-Spring学习项目仓库\maven-javademo\target\test-classes;E:\Code\1-Spring学习项目仓库\maven-javademo\target\generated-classes\cobertura;D:\Program Files\4-ProjectManage\maven\repository\junit\junit\4.13.2\junit-4.13.2.jar;D:\Program Files\4-ProjectManage\maven\repository\org\hamcrest\hamcrest-core\1.3\hamcrest-core-1.3.jar;D:\Program Files\4-ProjectManage\maven\repository\org\springframework\spring-context\5.2.5.RELEASE\spring-context-5.2.5.RELEASE.jar;D:\Program Files\4-ProjectManage\maven\repository\org\springframework\spring-aop\5.2.5.RELEASE\spring-aop-5.2.5.RELEASE.jar;D:\Program Files\4-ProjectManage\maven\repository\org\springframework\spring-beans\5.2.5.RELEASE\spring-beans-5.2.5.RELEASE.jar;D:\Program Files\4-ProjectManage\maven\repository\org\springframework\spring-core\5.2.5.RELEASE\spring-core-5.2.5.RELEASE.jar;D:\Program Files\4-ProjectManage\maven\repository\org\springframework\spring-jcl\5.2.5.RELEASE\spring-jcl-5.2.5.RELEASE.jar;D:\Program Files\4-ProjectManage\maven\repository\org\springframework\spring-expression\5.2.5.RELEASE\spring-expression-5.2.5.RELEASE.jar;D:\Program Files\4-ProjectManage\maven\repository\org\aspectj\aspectjweaver\1.9.5\aspectjweaver-1.9.5.jar;D:\Program Files\4-ProjectManage\maven\repository\net\sourceforge\cobertura\cobertura\2.1.1\cobertura-2.1.1.jar;D:\Program Files\4-ProjectManage\maven\repository\jaxen\jaxen\1.1.4\jaxen-1.1.4.jar;D:\Program Files\4-ProjectManage\maven\repository\org\apache\ant\ant\1.8.3\ant-1.8.3.jar;D:\Program Files\4-ProjectManage\maven\repository\org\apache\ant\ant-launcher\1.8.3\ant-launcher-1.8.3.jar;D:\Program Files\4-ProjectManage\maven\repository\org\apache\ant\ant-junit\1.8.3\ant-junit-1.8.3.jar;D:\Program Files\4-ProjectManage\maven\repository\org\mortbay\jetty\servlet-api-2.5\6.1.14\servlet-api-2.5-6.1.14.jar;D:\Program Files\4-ProjectManage\maven\repository\org\mortbay\jetty\jetty\6.1.14\jetty-6.1.14.jar;D:\Program Files\4-ProjectManage\maven\repository\org\mortbay\jetty\jetty-util\6.1.14\jetty-util-6.1.14.jar;C:\Program Files\Java\jdk1.8.0_171\jre\..\lib\tools.jar;D:\Program Files\4-ProjectManage\maven\repository\org\slf4j\slf4j-api\1.7.5\slf4j-api-1.7.5.jar;D:\Program Files\4-ProjectManage\maven\repository\ch\qos\logback\logback-classic\1.0.13\logback-classic-1.0.13.jar;D:\Program Files\4-ProjectManage\maven\repository\ch\qos\logback\logback-core\1.0.13\logback-core-1.0.13.jar;D:\Program Files\4-ProjectManage\maven\repository\org\apache\commons\commons-lang3\3.3.2\commons-lang3-3.3.2.jar;"/>
    <property name="java.vm.vendor" value="Oracle Corporation"/>
    <property name="sun.arch.data.model" value="64"/>
    <property name="user.variant" value=""/>
    <property name="java.vendor.url" value="http://java.oracle.com/"/>
    <property name="user.timezone" value="Asia/Shanghai"/>
    <property name="java.vm.specification.version" value="1.8"/>
    <property name="os.name" value="Windows 10"/>
    <property name="user.country" value="CN"/>
    <property name="sun.java.launcher" value="SUN_STANDARD"/>
    <property name="sun.boot.library.path" value="C:\Program Files\Java\jdk1.8.0_171\jre\bin"/>
    <property name="sun.java.command" value="C:\Users\asus\AppData\Local\Temp\surefire7557830469048598006\surefirebooter-20250327120011331_3.jar C:\Users\asus\AppData\Local\Temp\surefire7557830469048598006 2025-03-27T12-00-10_966-jvmRun1 surefire-20250327120011331_1tmp surefire_0-20250327120011331_2tmp"/>
    <property name="surefire.test.class.path" value="E:\Code\1-Spring学习项目仓库\maven-javademo\target\test-classes;E:\Code\1-Spring学习项目仓库\maven-javademo\target\generated-classes\cobertura;D:\Program Files\4-ProjectManage\maven\repository\junit\junit\4.13.2\junit-4.13.2.jar;D:\Program Files\4-ProjectManage\maven\repository\org\hamcrest\hamcrest-core\1.3\hamcrest-core-1.3.jar;D:\Program Files\4-ProjectManage\maven\repository\org\springframework\spring-context\5.2.5.RELEASE\spring-context-5.2.5.RELEASE.jar;D:\Program Files\4-ProjectManage\maven\repository\org\springframework\spring-aop\5.2.5.RELEASE\spring-aop-5.2.5.RELEASE.jar;D:\Program Files\4-ProjectManage\maven\repository\org\springframework\spring-beans\5.2.5.RELEASE\spring-beans-5.2.5.RELEASE.jar;D:\Program Files\4-ProjectManage\maven\repository\org\springframework\spring-core\5.2.5.RELEASE\spring-core-5.2.5.RELEASE.jar;D:\Program Files\4-ProjectManage\maven\repository\org\springframework\spring-jcl\5.2.5.RELEASE\spring-jcl-5.2.5.RELEASE.jar;D:\Program Files\4-ProjectManage\maven\repository\org\springframework\spring-expression\5.2.5.RELEASE\spring-expression-5.2.5.RELEASE.jar;D:\Program Files\4-ProjectManage\maven\repository\org\aspectj\aspectjweaver\1.9.5\aspectjweaver-1.9.5.jar;D:\Program Files\4-ProjectManage\maven\repository\net\sourceforge\cobertura\cobertura\2.1.1\cobertura-2.1.1.jar;D:\Program Files\4-ProjectManage\maven\repository\jaxen\jaxen\1.1.4\jaxen-1.1.4.jar;D:\Program Files\4-ProjectManage\maven\repository\org\apache\ant\ant\1.8.3\ant-1.8.3.jar;D:\Program Files\4-ProjectManage\maven\repository\org\apache\ant\ant-launcher\1.8.3\ant-launcher-1.8.3.jar;D:\Program Files\4-ProjectManage\maven\repository\org\apache\ant\ant-junit\1.8.3\ant-junit-1.8.3.jar;D:\Program Files\4-ProjectManage\maven\repository\org\mortbay\jetty\servlet-api-2.5\6.1.14\servlet-api-2.5-6.1.14.jar;D:\Program Files\4-ProjectManage\maven\repository\org\mortbay\jetty\jetty\6.1.14\jetty-6.1.14.jar;D:\Program Files\4-ProjectManage\maven\repository\org\mortbay\jetty\jetty-util\6.1.14\jetty-util-6.1.14.jar;C:\Program Files\Java\jdk1.8.0_171\jre\..\lib\tools.jar;D:\Program Files\4-ProjectManage\maven\repository\org\slf4j\slf4j-api\1.7.5\slf4j-api-1.7.5.jar;D:\Program Files\4-ProjectManage\maven\repository\ch\qos\logback\logback-classic\1.0.13\logback-classic-1.0.13.jar;D:\Program Files\4-ProjectManage\maven\repository\ch\qos\logback\logback-core\1.0.13\logback-core-1.0.13.jar;D:\Program Files\4-ProjectManage\maven\repository\org\apache\commons\commons-lang3\3.3.2\commons-lang3-3.3.2.jar;"/>
    <property name="sun.cpu.endian" value="little"/>
    <property name="user.home" value="C:\Users\asus"/>
    <property name="user.language" value="zh"/>
    <property name="java.specification.vendor" value="Oracle Corporation"/>
    <property name="java.home" value="C:\Program Files\Java\jdk1.8.0_171\jre"/>
    <property name="basedir" value="E:\Code\1-Spring学习项目仓库\maven-javademo"/>
    <property name="file.separator" value="\"/>
    <property name="line.separator" value="&#10;"/>
    <property name="java.vm.specification.vendor" value="Oracle Corporation"/>
    <property name="java.specification.name" value="Java Platform API Specification"/>
    <property name="java.awt.graphicsenv" value="sun.awt.Win32GraphicsEnvironment"/>
    <property name="surefire.real.class.path" value="C:\Users\asus\AppData\Local\Temp\surefire7557830469048598006\surefirebooter-20250327120011331_3.jar"/>
    <property name="sun.boot.class.path" value="C:\Program Files\Java\jdk1.8.0_171\jre\lib\resources.jar;C:\Program Files\Java\jdk1.8.0_171\jre\lib\rt.jar;C:\Program Files\Java\jdk1.8.0_171\jre\lib\sunrsasign.jar;C:\Program Files\Java\jdk1.8.0_171\jre\lib\jsse.jar;C:\Program Files\Java\jdk1.8.0_171\jre\lib\jce.jar;C:\Program Files\Java\jdk1.8.0_171\jre\lib\charsets.jar;C:\Program Files\Java\jdk1.8.0_171\jre\lib\jfr.jar;C:\Program Files\Java\jdk1.8.0_171\jre\classes"/>
    <property name="user.script" value=""/>
    <property name="sun.management.compiler" value="HotSpot 64-Bit Tiered Compilers"/>
    <property name="java.runtime.version" value="1.8.0_171-b11"/>
    <property name="user.name" value="asus"/>
    <property name="path.separator" value=";"/>
    <property name="os.version" value="10.0"/>
    <property name="java.endorsed.dirs" value="C:\Program Files\Java\jdk1.8.0_171\jre\lib\endorsed"/>
    <property name="java.runtime.name" value="Java(TM) SE Runtime Environment"/>
    <property name="file.encoding" value="GBK"/>
    <property name="java.vm.name" value="Java HotSpot(TM) 64-Bit Server VM"/>
    <property name="localRepository" value="D:\Program Files\4-ProjectManage\maven\repository"/>
    <property name="java.vendor.url.bug" value="http://bugreport.sun.com/bugreport/"/>
    <property name="java.io.tmpdir" value="C:\Users\asus\AppData\Local\Temp\"/>
    <property name="idea.version" value="2023.2.4"/>
    <property name="java.version" value="1.8.0_171"/>
    <property name="user.dir" value="E:\Code\1-Spring学习项目仓库\maven-javademo"/>
    <property name="os.arch" value="amd64"/>
    <property name="java.vm.specification.name" value="Java Virtual Machine Specification"/>
    <property name="java.awt.printerjob" value="sun.awt.windows.WPrinterJob"/>
    <property name="sun.os.patch.level" value=""/>
    <property name="java.library.path" value="C:\Program Files\Java\jdk1.8.0_171\jre\bin;C:\WINDOWS\Sun\Java\bin;C:\WINDOWS\system32;C:\WINDOWS;C:\Program Files\Common Files\Oracle\Java\javapath;C:\Program Files (x86)\Common Files\NetSarang;C:\Program Files\ARM\ADSv1_2\bin;D:\Program Files\1-Java\jdk-21.0.6\bin;D:\Program Files\1-Java\jdk-21.0.6\jre\bin;C:\Program Files (x86)\Common Files\Oracle\Java\javapath;C:\WINDOWS\system32;C:\WINDOWS;C:\WINDOWS\System32\Wbem;C:\WINDOWS\System32\WindowsPowerShell\v1.0\;C:\WINDOWS\System32\OpenSSH\;C:\Program Files\Google\Chrome\Application\;D:\Program Files\5-ServerTools\Git\cmd;D:\Program Files\2-Python\GTK3-Runtime Win64\bin;E:\Code\WeReadAbout\edgedriver_win64;E:\Program Files\2-ComputerManager\07-电脑流量监控\Sniffnet\;C:\Users\asus\AppData\Local\Microsoft\WindowsApps;D:\Program Files\1-Java\IntelliJ IDEA 2019.2\bin;;D:\Program Files\2-Python\PyCharm 2020.1\bin;;E:\OpenSSL-Win64\OpenSSL-Win64\bin;D:\Program Files\4-ProjectManage\maven\apache-maven-3.9.9\bin;E:\softWare\Tools_Of_Coding\IntelliJ IDEA 2023.2.4\bin;;E:\Program Files\0-EfficiencyTools\wkhtmltopdf\bin;;."/>
    <property name="java.vm.info" value="mixed mode"/>
    <property name="java.vendor" value="Oracle Corporation"/>
    <property name="java.vm.version" value="25.171-b11"/>
    <property name="java.ext.dirs" value="C:\Program Files\Java\jdk1.8.0_171\jre\lib\ext;C:\WINDOWS\Sun\Java\lib\ext"/>
    <property name="sun.io.unicode.encoding" value="UnicodeLittle"/>
    <property name="maven.repo.local" value="D:\Program Files\4-ProjectManage\maven\repository"/>
    <property name="java.class.version" value="52.0"/>
  </properties>
  <testcase name="testSum" classname="com.zhangqi.Redhahaha" time="0.0"/>
</testsuite>